Case #1: 1
19 2
11 2
Case #2: 19
23 2
21 2
12 2
11 2
Case #3: 15
11011 5
9999 4
9991 4
1999 4
1991 4
1901 4
1091 4
1001 4
999 3
991 3
199 3
191 3
101 3
99 2
91 2
19 2
11 2
Case #4: 1349
11100 5
11091 5
11001 5
10011 5
9999 4
9991 4
1999 4
1991 4
1901 4
1091 4
1001 4
999 3
991 3
199 3
191 3
101 3
99 2
91 2
19 2
11 2
Case #5: 449
200 3
191 3
101 3
99 2
91 2
19 2
11 2
Case #6: 129
12000 5
11991 5
11901 5
10911 5
10011 5
9999 4
9991 4
1999 4
1991 4
1901 4
1091 4
1001 4
999 3
991 3
199 3
191 3
101 3
99 2
91 2
19 2
11 2
Case #7: 1349
101001 6
100101 6
99999 5
99991 5
19999 5
19991 5
19901 5
10991 5
10901 5
9999 4
9991 4
1999 4
1991 4
1901 4
1091 4
1001 4
999 3
991 3
199 3
191 3
101 3
99 2
91 2
19 2
11 2
Case #8: 1540
99001 5
10099 5
10091 5
10001 5
9999 4
9991 4
1999 4
1991 4
1901 4
1091 4
1001 4
999 3
991 3
199 3
191 3
101 3
99 2
91 2
19 2
11 2
Case #9: 438
999900 6
999891 6
198999 6
198991 6
198901 6
109891 6
109801 6
108901 6
99999 5
99991 5
19999 5
19991 5
19901 5
10991 5
10901 5
9999 4
9991 4
1999 4
1991 4
1901 4
1091 4
1001 4
999 3
991 3
199 3
191 3
101 3
99 2
91 2
19 2
11 2
Case #10: 10539
21 2
12 2
11 2
Case #11: 13
16384 5
16381 5
16301 5
10361 5
10301 5
9999 4
9991 4
1999 4
1991 4
1901 4
1091 4
1001 4
999 3
991 3
199 3
191 3
101 3
99 2
91 2
19 2
11 2
Case #12: 783
102 3
101 3
99 2
91 2
19 2
11 2
Case #13: 31
20 2
11 2
Case #14: 20
765432 6
765431 6
134567 6
134561 6
134501 6
105431 6
105401 6
104501 6
99999 5
99991 5
19999 5
19991 5
19901 5
10991 5
10901 5
9999 4
9991 4
1999 4
1991 4
1901 4
1091 4
1001 4
999 3
991 3
199 3
191 3
101 3
99 2
91 2
19 2
11 2
Case #15: 6039
1110 4
1101 4
1011 4
999 3
991 3
199 3
191 3
101 3
99 2
91 2
19 2
11 2
Case #16: 159
9999 4
9991 4
1999 4
1991 4
1901 4
1091 4
1001 4
999 3
991 3
199 3
191 3
101 3
99 2
91 2
19 2
11 2
Case #17: 337
100001 6
99999 5
99991 5
19999 5
19991 5
19901 5
10991 5
10901 5
9999 4
9991 4
1999 4
1991 4
1901 4
1091 4
1001 4
999 3
991 3
199 3
191 3
101 3
99 2
91 2
19 2
11 2
Case #18: 1439
32 2
31 2
13 2
11 2
Case #19: 15
1000000 7
999991 6
199999 6
199991 6
199901 6
109991 6
109901 6
99999 5
99991 5
19999 5
19991 5
19901 5
10991 5
10901 5
9999 4
9991 4
1999 4
1991 4
1901 4
1091 4
1001 4
999 3
991 3
199 3
191 3
101 3
99 2
91 2
19 2
11 2
Case #20: 11538
111 3
99 2
91 2
19 2
11 2
Case #21: 40
100 3
91 2
19 2
11 2
Case #22: 29
999990 6
999981 6
189999 6
189991 6
189901 6
109981 6
109901 6
99999 5
99991 5
19999 5
19991 5
19901 5
10991 5
10901 5
9999 4
9991 4
1999 4
1991 4
1901 4
1091 4
1001 4
999 3
991 3
199 3
191 3
101 3
99 2
91 2
19 2
11 2
Case #23: 11528
524288 6
524281 6
182425 6
182421 6
124281 6
124201 6
102421 6
102401 6
99999 5
99991 5
19999 5
19991 5
19901 5
10991 5
10901 5
9999 4
9991 4
1999 4
1991 4
1901 4
1091 4
1001 4
999 3
991 3
199 3
191 3
101 3
99 2
91 2
19 2
11 2
Case #24: 3953
12001 5
10021 5
10001 5
9999 4
9991 4
1999 4
1991 4
1901 4
1091 4
1001 4
999 3
991 3
199 3
191 3
101 3
99 2
91 2
19 2
11 2
Case #25: 360
999899 6
999891 6
198999 6
198991 6
198901 6
109891 6
109801 6
108901 6
99999 5
99991 5
19999 5
19991 5
19901 5
10991 5
10901 5
9999 4
9991 4
1999 4
1991 4
1901 4
1091 4
1001 4
999 3
991 3
199 3
191 3
101 3
99 2
91 2
19 2
11 2
Case #26: 10538
10110 5
10101 5
9999 4
9991 4
1999 4
1991 4
1901 4
1091 4
1001 4
999 3
991 3
199 3
191 3
101 3
99 2
91 2
19 2
11 2
Case #27: 448
29 2
21 2
12 2
11 2
Case #28: 21
10000 5
9991 4
1999 4
1991 4
1901 4
1091 4
1001 4
999 3
991 3
199 3
191 3
101 3
99 2
91 2
19 2
11 2
Case #29: 338
999000 6
998991 6
199899 6
199891 6
198991 6
198901 6
109891 6
109801 6
108901 6
99999 5
99991 5
19999 5
19991 5
19901 5
10991 5
10901 5
9999 4
9991 4
1999 4
1991 4
1901 4
1091 4
1001 4
999 3
991 3
199 3
191 3
101 3
99 2
91 2
19 2
11 2
Case #30: 10540
1101 4
1011 4
999 3
991 3
199 3
191 3
101 3
99 2
91 2
19 2
11 2
Case #31: 150
91 2
19 2
11 2
Case #32: 20
1999 4
1991 4
1901 4
1091 4
1001 4
999 3
991 3
199 3
191 3
101 3
99 2
91 2
19 2
11 2
Case #33: 328
11110 5
11101 5
10111 5
9999 4
9991 4
1999 4
1991 4
1901 4
1091 4
1001 4
999 3
991 3
199 3
191 3
101 3
99 2
91 2
19 2
11 2
Case #34: 459
10010 5
10001 5
9999 4
9991 4
1999 4
1991 4
1901 4
1091 4
1001 4
999 3
991 3
199 3
191 3
101 3
99 2
91 2
19 2
11 2
Case #35: 348
7777 4
7771 4
1777 4
1771 4
1701 4
1071 4
1001 4
999 3
991 3
199 3
191 3
101 3
99 2
91 2
19 2
11 2
Case #36: 293
999999 6
999991 6
199999 6
199991 6
199901 6
109991 6
109901 6
99999 5
99991 5
19999 5
19991 5
19901 5
10991 5
10901 5
9999 4
9991 4
1999 4
1991 4
1901 4
1091 4
1001 4
999 3
991 3
199 3
191 3
101 3
99 2
91 2
19 2
11 2
Case #37: 11537
30 2
21 2
12 2
11 2
Case #38: 22
1099 4
1091 4
1001 4
999 3
991 3
199 3
191 3
101 3
99 2
91 2
19 2
11 2
Case #39: 237
900000 6
899991 6
199998 6
199991 6
199901 6
109991 6
109901 6
99999 5
99991 5
19999 5
19991 5
19901 5
10991 5
10901 5
9999 4
9991 4
1999 4
1991 4
1901 4
1091 4
1001 4
999 3
991 3
199 3
191 3
101 3
99 2
91 2
19 2
11 2
Case #40: 11537
899999 6
899991 6
199998 6
199991 6
199901 6
109991 6
109901 6
99999 5
99991 5
19999 5
19991 5
19901 5
10991 5
10901 5
9999 4
9991 4
1999 4
1991 4
1901 4
1091 4
1001 4
999 3
991 3
199 3
191 3
101 3
99 2
91 2
19 2
11 2
Case #41: 11536
77 2
71 2
17 2
11 2
Case #42: 24
900 3
891 3
198 3
191 3
101 3
99 2
91 2
19 2
11 2
Case #43: 137
10111 5
9999 4
9991 4
1999 4
1991 4
1901 4
1091 4
1001 4
999 3
991 3
199 3
191 3
101 3
99 2
91 2
19 2
11 2
Case #44: 449
199 3
191 3
101 3
99 2
91 2
19 2
11 2
Case #45: 128
999001 6
100999 6
100991 6
100901 6
99999 5
99991 5
19999 5
19991 5
19901 5
10991 5
10901 5
9999 4
9991 4
1999 4
1991 4
1901 4
1091 4
1001 4
999 3
991 3
199 3
191 3
101 3
99 2
91 2
19 2
11 2
Case #46: 2438
2000 4
1991 4
1901 4
1091 4
1001 4
999 3
991 3
199 3
191 3
101 3
99 2
91 2
19 2
11 2
Case #47: 329
10 2
Case #48: 10
12 2
11 2
Case #49: 12
2100 4
2091 4
1902 4
1901 4
1091 4
1001 4
999 3
991 3
199 3
191 3
101 3
99 2
91 2
19 2
11 2
Case #50: 241
4096 4
4091 4
1904 4
1901 4
1091 4
1001 4
999 3
991 3
199 3
191 3
101 3
99 2
91 2
19 2
11 2
Case #51: 239
10011 5
9999 4
9991 4
1999 4
1991 4
1901 4
1091 4
1001 4
999 3
991 3
199 3
191 3
101 3
99 2
91 2
19 2
11 2
Case #52: 349
100000 6
99991 5
19999 5
19991 5
19901 5
10991 5
10901 5
9999 4
9991 4
1999 4
1991 4
1901 4
1091 4
1001 4
999 3
991 3
199 3
191 3
101 3
99 2
91 2
19 2
11 2
Case #53: 1438
101 3
99 2
91 2
19 2
11 2
Case #54: 30
1100 4
1091 4
1001 4
999 3
991 3
199 3
191 3
101 3
99 2
91 2
19 2
11 2
Case #55: 238
11101 5
10111 5
9999 4
9991 4
1999 4
1991 4
1901 4
1091 4
1001 4
999 3
991 3
199 3
191 3
101 3
99 2
91 2
19 2
11 2
Case #56: 450
10001 5
9999 4
9991 4
1999 4
1991 4
1901 4
1091 4
1001 4
999 3
991 3
199 3
191 3
101 3
99 2
91 2
19 2
11 2
Case #57: 339
999991 6
199999 6
199991 6
199901 6
109991 6
109901 6
99999 5
99991 5
19999 5
19991 5
19901 5
10991 5
10901 5
9999 4
9991 4
1999 4
1991 4
1901 4
1091 4
1001 4
999 3
991 3
199 3
191 3
101 3
99 2
91 2
19 2
11 2
Case #58: 11529
456789 6
456781 6
187654 6
187651 6
156781 6
156701 6
107651 6
107601 6
106701 6
99999 5
99991 5
19999 5
19991 5
19901 5
10991 5
10901 5
9999 4
9991 4
1999 4
1991 4
1901 4
1091 4
1001 4
999 3
991 3
199 3
191 3
101 3
99 2
91 2
19 2
11 2
Case #59: 8284
1111 4
999 3
991 3
199 3
191 3
101 3
99 2
91 2
19 2
11 2
Case #60: 249
99 2
91 2
19 2
11 2
Case #61: 28
10100 5
10091 5
10001 5
9999 4
9991 4
1999 4
1991 4
1901 4
1091 4
1001 4
999 3
991 3
199 3
191 3
101 3
99 2
91 2
19 2
11 2
Case #62: 438
2201 4
1022 4
1021 4
1001 4
999 3
991 3
199 3
191 3
101 3
99 2
91 2
19 2
11 2
Case #63: 161
901 3
109 3
101 3
99 2
91 2
19 2
11 2
Case #64: 39
11010 5
11001 5
10011 5
9999 4
9991 4
1999 4
1991 4
1901 4
1091 4
1001 4
999 3
991 3
199 3
191 3
101 3
99 2
91 2
19 2
11 2
Case #65: 359
99000 5
98991 5
19989 5
19981 5
18991 5
18901 5
10981 5
10901 5
9999 4
9991 4
1999 4
1991 4
1901 4
1091 4
1001 4
999 3
991 3
199 3
191 3
101 3
99 2
91 2
19 2
11 2
Case #66: 1429
998999 6
998991 6
199899 6
199891 6
198991 6
198901 6
109891 6
109801 6
108901 6
99999 5
99991 5
19999 5
19991 5
19901 5
10991 5
10901 5
9999 4
9991 4
1999 4
1991 4
1901 4
1091 4
1001 4
999 3
991 3
199 3
191 3
101 3
99 2
91 2
19 2
11 2
Case #67: 10539
22 2
21 2
12 2
11 2
Case #68: 14
2101 4
1012 4
1011 4
999 3
991 3
199 3
191 3
101 3
99 2
91 2
19 2
11 2
Case #69: 151
999901 6
109999 6
109991 6
109901 6
99999 5
99991 5
19999 5
19991 5
19901 5
10991 5
10901 5
9999 4
9991 4
1999 4
1991 4
1901 4
1091 4
1001 4
999 3
991 3
199 3
191 3
101 3
99 2
91 2
19 2
11 2
Case #70: 11438
1000 4
991 3
199 3
191 3
101 3
99 2
91 2
19 2
11 2
Case #71: 138
2200 4
2191 4
1912 4
1911 4
1011 4
999 3
991 3
199 3
191 3
101 3
99 2
91 2
19 2
11 2
Case #72: 1060
345678 6
345671 6
176543 6
176541 6
145671 6
145601 6
106541 6
106501 6
105601 6
99999 5
99991 5
19999 5
19991 5
19901 5
10991 5
10901 5
9999 4
9991 4
1999 4
1991 4
1901 4
1091 4
1001 4
999 3
991 3
199 3
191 3
101 3
99 2
91 2
19 2
11 2
Case #73: 7162
90 2
81 2
18 2
11 2
Case #74: 28
901234 6
901231 6
132109 6
132101 6
101231 6
101201 6
99999 5
99991 5
19999 5
19991 5
19901 5
10991 5
10901 5
9999 4
9991 4
1999 4
1991 4
1901 4
1091 4
1001 4
999 3
991 3
199 3
191 3
101 3
99 2
91 2
19 2
11 2
Case #75: 2682
999998 6
999991 6
199999 6
199991 6
199901 6
109991 6
109901 6
99999 5
99991 5
19999 5
19991 5
19901 5
10991 5
10901 5
9999 4
9991 4
1999 4
1991 4
1901 4
1091 4
1001 4
999 3
991 3
199 3
191 3
101 3
99 2
91 2
19 2
11 2
Case #76: 11536
2048 4
2041 4
1402 4
1401 4
1041 4
1001 4
999 3
991 3
199 3
191 3
101 3
99 2
91 2
19 2
11 2
Case #77: 189
990000 6
989991 6
199989 6
199981 6
189991 6
189901 6
109981 6
109901 6
99999 5
99991 5
19999 5
19991 5
19901 5
10991 5
10901 5
9999 4
9991 4
1999 4
1991 4
1901 4
1091 4
1001 4
999 3
991 3
199 3
191 3
101 3
99 2
91 2
19 2
11 2
Case #78: 11529
11000 5
10991 5
10901 5
9999 4
9991 4
1999 4
1991 4
1901 4
1091 4
1001 4
999 3
991 3
199 3
191 3
101 3
99 2
91 2
19 2
11 2
Case #79: 1338
999 3
991 3
199 3
191 3
101 3
99 2
91 2
19 2
11 2
Case #80: 137
989999 6
989991 6
199989 6
199981 6
189991 6
189901 6
109981 6
109901 6
99999 5
99991 5
19999 5
19991 5
19901 5
10991 5
10901 5
9999 4
9991 4
1999 4
1991 4
1901 4
1091 4
1001 4
999 3
991 3
199 3
191 3
101 3
99 2
91 2
19 2
11 2
Case #81: 11528
900001 6
100009 6
100001 6
99999 5
99991 5
19999 5
19991 5
19901 5
10991 5
10901 5
9999 4
9991 4
1999 4
1991 4
1901 4
1091 4
1001 4
999 3
991 3
199 3
191 3
101 3
99 2
91 2
19 2
11 2
Case #82: 1448
201 3
102 3
101 3
99 2
91 2
19 2
11 2
Case #83: 32
Case #84: 9
11111 5
9999 4
9991 4
1999 4
1991 4
1901 4
1091 4
1001 4
999 3
991 3
199 3
191 3
101 3
99 2
91 2
19 2
11 2
Case #85: 1449
110 3
101 3
99 2
91 2
19 2
11 2
Case #86: 39
1001 4
999 3
991 3
199 3
191 3
101 3
99 2
91 2
19 2
11 2
Case #87: 139
990001 6
100099 6
100091 6
100001 6
99999 5
99991 5
19999 5
19991 5
19901 5
10991 5
10901 5
9999 4
9991 4
1999 4
1991 4
1901 4
1091 4
1001 4
999 3
991 3
199 3
191 3
101 3
99 2
91 2
19 2
11 2
Case #88: 1538
10999 5
10991 5
10901 5
9999 4
9991 4
1999 4
1991 4
1901 4
1091 4
1001 4
999 3
991 3
199 3
191 3
101 3
99 2
91 2
19 2
11 2
Case #89: 1337
2001 4
1002 4
1001 4
999 3
991 3
199 3
191 3
101 3
99 2
91 2
19 2
11 2
Case #90: 141
11001 5
10011 5
9999 4
9991 4
1999 4
1991 4
1901 4
1091 4
1001 4
999 3
991 3
199 3
191 3
101 3
99 2
91 2
19 2
11 2
Case #91: 350
999989 6
999981 6
189999 6
189991 6
189901 6
109981 6
109901 6
99999 5
99991 5
19999 5
19991 5
19901 5
10991 5
10901 5
9999 4
9991 4
1999 4
1991 4
1901 4
1091 4
1001 4
999 3
991 3
199 3
191 3
101 3
99 2
91 2
19 2
11 2
Case #92: 11527
2002 4
2001 4
1002 4
1001 4
999 3
991 3
199 3
191 3
101 3
99 2
91 2
19 2
11 2
Case #93: 142
109876 6
109871 6
109801 6
108901 6
99999 5
99991 5
19999 5
19991 5
19901 5
10991 5
10901 5
9999 4
9991 4
1999 4
1991 4
1901 4
1091 4
1001 4
999 3
991 3
199 3
191 3
101 3
99 2
91 2
19 2
11 2
Case #94: 10415
101000 6
100991 6
100901 6
99999 5
99991 5
19999 5
19991 5
19901 5
10991 5
10901 5
9999 4
9991 4
1999 4
1991 4
1901 4
1091 4
1001 4
999 3
991 3
199 3
191 3
101 3
99 2
91 2
19 2
11 2
Case #95: 2438
11 2
Case #96: 11
19 2
11 2
Case #97: 19
10101 5
9999 4
9991 4
1999 4
1991 4
1901 4
1091 4
1001 4
999 3
991 3
199 3
191 3
101 3
99 2
91 2
19 2
11 2
Case #98: 439
1998 4
1991 4
1901 4
1091 4
1001 4
999 3
991 3
199 3
191 3
101 3
99 2
91 2
19 2
11 2
Case #99: 327
31 2
13 2
11 2
Case #100: 14
